
R version 3.2.1 Patched (2015-07-02 r68627) -- "World-Famous Astronaut"
Copyright (C) 2015 The R Foundation for Statistical Computing
Platform: x86_64-apple-darwin13.4.0 (64-bit)

R is free software and comes with ABSOLUTELY NO WARRANTY.
You are welcome to redistribute it under certain conditions.
Type 'license()' or 'licence()' for distribution details.

  Natural language support but running in an English locale

R is a collaborative project with many contributors.
Type 'contributors()' for more information and
'citation()' on how to cite R or R packages in publications.

Type 'demo()' for some demos, 'help()' for on-line help, or
'help.start()' for an HTML browser interface to help.
Type 'q()' to quit R.

> library(OncoDev14)
Loading required package: jsonlite

Attaching package: ‘jsonlite’

The following object is masked from ‘package:utils’:

    View

Loading required package: httpuv
Loading required package: SttrDataPackage
Loading required package: PatientHistory

Attaching package: ‘SttrDataPackage’

The following object is masked from ‘package:utils’:

    history

Loading required package: survival
Loading required package: base64enc
Loading required package: PLSR
Loading required package: BiocGenerics
Loading required package: parallel

Attaching package: ‘BiocGenerics’

The following objects are masked from ‘package:parallel’:

    clusterApply, clusterApplyLB, clusterCall, clusterEvalQ,
    clusterExport, clusterMap, parApply, parCapply, parLapply,
    parLapplyLB, parRapply, parSapply, parSapplyLB

The following object is masked from ‘package:stats’:

    xtabs

The following objects are masked from ‘package:base’:

    anyDuplicated, append, as.data.frame, as.vector, cbind, colnames,
    do.call, duplicated, eval, evalq, Filter, Find, get, intersect,
    is.unsorted, lapply, Map, mapply, match, mget, order, paste, pmax,
    pmax.int, pmin, pmin.int, Position, rank, rbind, Reduce, rep.int,
    rownames, sapply, setdiff, sort, table, tapply, union, unique,
    unlist, unsplit

Loading required package: RUnit
Loading required package: pls

Attaching package: ‘pls’

The following object is masked from ‘package:stats’:

    loadings

Loading required package: PCA

Attaching package: ‘PCA’

The following objects are masked from ‘package:PLSR’:

    dataSummary, getDataMatrixName, getDataPackage, printf,
    setDataMatrixName, show

The following object is masked from ‘package:SttrDataPackage’:

    show

The following object is masked from ‘package:methods’:

    show


Attaching package: ‘OncoDev14’

The following object is masked from ‘package:PCA’:

    show

The following object is masked from ‘package:PLSR’:

    show

The following object is masked from ‘package:SttrDataPackage’:

    show

The following object is masked from ‘package:methods’:

    show

The following object is masked from ‘package:base’:

    close

> scriptDir <- "blankTab"
> userID <- "autoTest@nowhere.org"
> current.datasets <- c("DEMOdz;TCGAgbm")
> port <- 7819
> onco <- OncoDev14(port=port, scriptDir=scriptDir, userID=userID, datasetNames=current.datasets)
[1] OncoDev14.loadDataPackages
Welcome to Bioconductor

    Vignettes contain introductory material; view with
    'browseVignettes()'. To cite Bioconductor, see
    'citation("Biobase")', and for packages 'citation("pkgname")'.

Loading required package: DBI

[1] SttrDataPackage ctor, networks.found: 1
OncoDev14 loading:         datasets[['DEMOdz']] <- DEMOdz()    0.41 seconds
[1] SttrDataPackage ctor, networks.found: 1
OncoDev14 loading:       datasets[['TCGAgbm']] <- TCGAgbm()   15.08 seconds
> 
> if(Sys.info()[["nodename"]] != "lopez") 
+    browseURL(sprintf("http://localhost:%d", port))
> 
> run(onco)
[1] OncoDev14::run, starting service loop on port 7819
[1] wsDatasets.R, specifyCurrentDataset, avaialable: DEMOdz;TCGAgbm
[1] wsDatasets.getPatientHistory, DEMOdz, found 7 coi
[1] wsDatasets.getPatientHistoryTable, dim (20, 7)

R version 3.2.1 Patched (2015-07-02 r68627) -- "World-Famous Astronaut"
Copyright (C) 2015 The R Foundation for Statistical Computing
Platform: x86_64-apple-darwin13.4.0 (64-bit)

R is free software and comes with ABSOLUTELY NO WARRANTY.
You are welcome to redistribute it under certain conditions.
Type 'license()' or 'licence()' for distribution details.

  Natural language support but running in an English locale

R is a collaborative project with many contributors.
Type 'contributors()' for more information and
'citation()' on how to cite R or R packages in publications.

Type 'demo()' for some demos, 'help()' for on-line help, or
'help.start()' for an HTML browser interface to help.
Type 'q()' to quit R.

> library(OncoDev14)
Loading required package: jsonlite

Attaching package: ‘jsonlite’

The following object is masked from ‘package:utils’:

    View

Loading required package: httpuv
Loading required package: SttrDataPackage
Loading required package: PatientHistory

Attaching package: ‘SttrDataPackage’

The following object is masked from ‘package:utils’:

    history

Loading required package: survival
Loading required package: base64enc
Loading required package: PLSR
Loading required package: BiocGenerics
Loading required package: parallel

Attaching package: ‘BiocGenerics’

The following objects are masked from ‘package:parallel’:

    clusterApply, clusterApplyLB, clusterCall, clusterEvalQ,
    clusterExport, clusterMap, parApply, parCapply, parLapply,
    parLapplyLB, parRapply, parSapply, parSapplyLB

The following object is masked from ‘package:stats’:

    xtabs

The following objects are masked from ‘package:base’:

    anyDuplicated, append, as.data.frame, as.vector, cbind, colnames,
    do.call, duplicated, eval, evalq, Filter, Find, get, intersect,
    is.unsorted, lapply, Map, mapply, match, mget, order, paste, pmax,
    pmax.int, pmin, pmin.int, Position, rank, rbind, Reduce, rep.int,
    rownames, sapply, setdiff, sort, table, tapply, union, unique,
    unlist, unsplit

Loading required package: RUnit
Loading required package: pls

Attaching package: ‘pls’

The following object is masked from ‘package:stats’:

    loadings

Loading required package: PCA

Attaching package: ‘PCA’

The following objects are masked from ‘package:PLSR’:

    dataSummary, getDataMatrixName, getDataPackage, printf,
    setDataMatrixName, show

The following object is masked from ‘package:SttrDataPackage’:

    show

The following object is masked from ‘package:methods’:

    show


Attaching package: ‘OncoDev14’

The following object is masked from ‘package:PCA’:

    show

The following object is masked from ‘package:PLSR’:

    show

The following object is masked from ‘package:SttrDataPackage’:

    show

The following object is masked from ‘package:methods’:

    show

The following object is masked from ‘package:base’:

    close

> scriptDir <- "blankTab"
> userID <- "autoTest@nowhere.org"
> current.datasets <- c("DEMOdz;TCGAgbm")
> port <- 7819
> onco <- OncoDev14(port=port, scriptDir=scriptDir, userID=userID, datasetNames=current.datasets)
[1] OncoDev14.loadDataPackages
Welcome to Bioconductor

    Vignettes contain introductory material; view with
    'browseVignettes()'. To cite Bioconductor, see
    'citation("Biobase")', and for packages 'citation("pkgname")'.

Loading required package: DBI

[1] SttrDataPackage ctor, networks.found: 1
OncoDev14 loading:         datasets[['DEMOdz']] <- DEMOdz()    0.42 seconds
[1] SttrDataPackage ctor, networks.found: 1
OncoDev14 loading:       datasets[['TCGAgbm']] <- TCGAgbm()   14.91 seconds
> 
> if(Sys.info()[["nodename"]] != "lopez") 
+    browseURL(sprintf("http://localhost:%d", port))
> 
> run(onco)
[1] OncoDev14::run, starting service loop on port 7819
[1] wsDatasets.R, specifyCurrentDataset, avaialable: DEMOdz;TCGAgbm
[1] wsDatasets.getPatientHistory, DEMOdz, found 7 coi
[1] wsDatasets.getPatientHistoryTable, dim (20, 7)

R version 3.2.1 Patched (2015-07-02 r68627) -- "World-Famous Astronaut"
Copyright (C) 2015 The R Foundation for Statistical Computing
Platform: x86_64-apple-darwin13.4.0 (64-bit)

R is free software and comes with ABSOLUTELY NO WARRANTY.
You are welcome to redistribute it under certain conditions.
Type 'license()' or 'licence()' for distribution details.

  Natural language support but running in an English locale

R is a collaborative project with many contributors.
Type 'contributors()' for more information and
'citation()' on how to cite R or R packages in publications.

Type 'demo()' for some demos, 'help()' for on-line help, or
'help.start()' for an HTML browser interface to help.
Type 'q()' to quit R.

> library(OncoDev14)
Loading required package: jsonlite

Attaching package: ‘jsonlite’

The following object is masked from ‘package:utils’:

    View

Loading required package: httpuv
Loading required package: SttrDataPackage
Loading required package: PatientHistory

Attaching package: ‘SttrDataPackage’

The following object is masked from ‘package:utils’:

    history

Loading required package: survival
Loading required package: base64enc
Loading required package: PLSR
Loading required package: BiocGenerics
Loading required package: parallel

Attaching package: ‘BiocGenerics’

The following objects are masked from ‘package:parallel’:

    clusterApply, clusterApplyLB, clusterCall, clusterEvalQ,
    clusterExport, clusterMap, parApply, parCapply, parLapply,
    parLapplyLB, parRapply, parSapply, parSapplyLB

The following object is masked from ‘package:stats’:

    xtabs

The following objects are masked from ‘package:base’:

    anyDuplicated, append, as.data.frame, as.vector, cbind, colnames,
    do.call, duplicated, eval, evalq, Filter, Find, get, intersect,
    is.unsorted, lapply, Map, mapply, match, mget, order, paste, pmax,
    pmax.int, pmin, pmin.int, Position, rank, rbind, Reduce, rep.int,
    rownames, sapply, setdiff, sort, table, tapply, union, unique,
    unlist, unsplit

Loading required package: RUnit
Loading required package: pls

Attaching package: ‘pls’

The following object is masked from ‘package:stats’:

    loadings

Loading required package: PCA

Attaching package: ‘PCA’

The following objects are masked from ‘package:PLSR’:

    dataSummary, getDataMatrixName, getDataPackage, printf,
    setDataMatrixName, show

The following object is masked from ‘package:SttrDataPackage’:

    show

The following object is masked from ‘package:methods’:

    show


Attaching package: ‘OncoDev14’

The following object is masked from ‘package:PCA’:

    show

The following object is masked from ‘package:PLSR’:

    show

The following object is masked from ‘package:SttrDataPackage’:

    show

The following object is masked from ‘package:methods’:

    show

The following object is masked from ‘package:base’:

    close

> scriptDir <- "blankTab"
> userID <- "autoTest@nowhere.org"
> current.datasets <- c("DEMOdz;TCGAgbm")
> port <- 7819
> onco <- OncoDev14(port=port, scriptDir=scriptDir, userID=userID, datasetNames=current.datasets)
[1] OncoDev14.loadDataPackages
Welcome to Bioconductor

    Vignettes contain introductory material; view with
    'browseVignettes()'. To cite Bioconductor, see
    'citation("Biobase")', and for packages 'citation("pkgname")'.

Loading required package: DBI

[1] SttrDataPackage ctor, networks.found: 1
OncoDev14 loading:         datasets[['DEMOdz']] <- DEMOdz()    0.39 seconds
[1] SttrDataPackage ctor, networks.found: 1
OncoDev14 loading:       datasets[['TCGAgbm']] <- TCGAgbm()   15.85 seconds
> 
> if(Sys.info()[["nodename"]] != "lopez") 
+    browseURL(sprintf("http://localhost:%d", port))
> 
> run(onco)
[1] OncoDev14::run, starting service loop on port 7819
[1] wsDatasets.R, specifyCurrentDataset, avaialable: DEMOdz;TCGAgbm
[1] wsDatasets.getPatientHistory, DEMOdz, found 7 coi
[1] wsDatasets.getPatientHistoryTable, dim (20, 7)

R version 3.2.1 Patched (2015-07-02 r68627) -- "World-Famous Astronaut"
Copyright (C) 2015 The R Foundation for Statistical Computing
Platform: x86_64-apple-darwin13.4.0 (64-bit)

R is free software and comes with ABSOLUTELY NO WARRANTY.
You are welcome to redistribute it under certain conditions.
Type 'license()' or 'licence()' for distribution details.

  Natural language support but running in an English locale

R is a collaborative project with many contributors.
Type 'contributors()' for more information and
'citation()' on how to cite R or R packages in publications.

Type 'demo()' for some demos, 'help()' for on-line help, or
'help.start()' for an HTML browser interface to help.
Type 'q()' to quit R.

> library(OncoDev14)
Loading required package: jsonlite

Attaching package: ‘jsonlite’

The following object is masked from ‘package:utils’:

    View

Loading required package: httpuv
Loading required package: SttrDataPackage
Loading required package: PatientHistory

Attaching package: ‘SttrDataPackage’

The following object is masked from ‘package:utils’:

    history

Loading required package: survival
Loading required package: base64enc
Loading required package: PLSR
Loading required package: BiocGenerics
Loading required package: parallel

Attaching package: ‘BiocGenerics’

The following objects are masked from ‘package:parallel’:

    clusterApply, clusterApplyLB, clusterCall, clusterEvalQ,
    clusterExport, clusterMap, parApply, parCapply, parLapply,
    parLapplyLB, parRapply, parSapply, parSapplyLB

The following object is masked from ‘package:stats’:

    xtabs

The following objects are masked from ‘package:base’:

    anyDuplicated, append, as.data.frame, as.vector, cbind, colnames,
    do.call, duplicated, eval, evalq, Filter, Find, get, intersect,
    is.unsorted, lapply, Map, mapply, match, mget, order, paste, pmax,
    pmax.int, pmin, pmin.int, Position, rank, rbind, Reduce, rep.int,
    rownames, sapply, setdiff, sort, table, tapply, union, unique,
    unlist, unsplit

Loading required package: RUnit
Loading required package: pls

Attaching package: ‘pls’

The following object is masked from ‘package:stats’:

    loadings

Loading required package: PCA

Attaching package: ‘PCA’

The following objects are masked from ‘package:PLSR’:

    dataSummary, getDataMatrixName, getDataPackage, printf,
    setDataMatrixName, show

The following object is masked from ‘package:SttrDataPackage’:

    show

The following object is masked from ‘package:methods’:

    show

Creating a new generic function for ‘close’ in package ‘OncoDev14’
[1] OncoDev14 addRMessageHandler: 'getUserInfo'
[1] OncoDev14 addRMessageHandler: 'getDataSetNames'
[1] OncoDev14 addRMessageHandler: 'getDataManifest'
[1] OncoDev14 addRMessageHandler: 'calculateHistogramCoordinates'
[1] OncoDev14 addRMessageHandler: 'initUserDataStore'
[1] OncoDev14 addRMessageHandler: 'getUserDataStoreSummary'
[1] OncoDev14 addRMessageHandler: 'userDataStoreAddData'
[1] OncoDev14 addRMessageHandler: 'userDataStoreDeleteDataItem'
[1] OncoDev14 addRMessageHandler: 'userDataStoreGetDataItem'
[1] OncoDev14 addRMessageHandler: 'ping'
[1] OncoDev14 addRMessageHandler: 'getServerVersion'
[1] OncoDev14 addRMessageHandler: 'getSampleDataFrame'
[1] OncoDev14 addRMessageHandler: 'getUserId'
[1] OncoDev14 addRMessageHandler: 'getDataSetNames'
[1] OncoDev14 addRMessageHandler: 'getDataManifest'
[1] OncoDev14 addRMessageHandler: 'specifyCurrentDataset'
[1] OncoDev14 addRMessageHandler: 'getPatientHistoryTable'
[1] OncoDev14 addRMessageHandler: 'getPatientHistoryDxAndSurvivalMinMax'
[1] OncoDev14 addRMessageHandler: 'getSampleDataFrame'
[1] OncoDev14 addRMessageHandler: 'getGeneSetNames'
[1] OncoDev14 addRMessageHandler: 'getGeneSetGenes'
[1] OncoDev14 addRMessageHandler: 'getMarkersNetwork'
[1] OncoDev14 addRMessageHandler: 'calculateSurvivalCurves'
[1] OncoDev14 addRMessageHandler: 'createPLSR'
[1] OncoDev14 addRMessageHandler: 'calculatePLSR'
[1] OncoDev14 addRMessageHandler: 'summarizePLSRPatientAttributes'
[1] OncoDev14 addRMessageHandler: 'echo'
[1] OncoDev14 addRMessageHandler: 'createPCA'
[1] OncoDev14 addRMessageHandler: 'calculatePCA'

Attaching package: ‘OncoDev14’

The following object is masked from ‘package:PCA’:

    show

The following object is masked from ‘package:PLSR’:

    show

The following object is masked from ‘package:SttrDataPackage’:

    show

The following object is masked from ‘package:methods’:

    show

The following object is masked from ‘package:base’:

    close

> scriptDir <- "blankTab"
> userID <- "autoTest@nowhere.org"
> current.datasets <- c("DEMOdz;TCGAgbm")
> port <- 7819
> onco <- OncoDev14(port=port, scriptDir=scriptDir, userID=userID, datasetNames=current.datasets)
[1] OncoDev14.loadDataPackages
Welcome to Bioconductor

    Vignettes contain introductory material; view with
    'browseVignettes()'. To cite Bioconductor, see
    'citation("Biobase")', and for packages 'citation("pkgname")'.

Loading required package: DBI

[1] SttrDataPackage ctor, networks.found: 1
OncoDev14 loading:         datasets[['DEMOdz']] <- DEMOdz()    0.62 seconds
[1] SttrDataPackage ctor, networks.found: 1
OncoDev14 loading:       datasets[['TCGAgbm']] <- TCGAgbm()   18.83 seconds
> 
> if(Sys.info()[["nodename"]] != "lopez") 
+    browseURL(sprintf("http://localhost:%d", port))
> 
> run(onco)
[1] OncoDev14::run, starting service loop on port 7819
[1] wsDatasets.R, specifyCurrentDataset, avaialable: DEMOdz;TCGAgbm
[1] wsDatasets.getPatientHistory, DEMOdz, found 7 coi
[1] wsDatasets.getPatientHistoryTable, dim (20, 7)

R version 3.2.1 Patched (2015-07-02 r68627) -- "World-Famous Astronaut"
Copyright (C) 2015 The R Foundation for Statistical Computing
Platform: x86_64-apple-darwin13.4.0 (64-bit)

R is free software and comes with ABSOLUTELY NO WARRANTY.
You are welcome to redistribute it under certain conditions.
Type 'license()' or 'licence()' for distribution details.

  Natural language support but running in an English locale

R is a collaborative project with many contributors.
Type 'contributors()' for more information and
'citation()' on how to cite R or R packages in publications.

Type 'demo()' for some demos, 'help()' for on-line help, or
'help.start()' for an HTML browser interface to help.
Type 'q()' to quit R.

> library(OncoDev14)
Loading required package: jsonlite

Attaching package: ‘jsonlite’

The following object is masked from ‘package:utils’:

    View

Loading required package: httpuv
Loading required package: SttrDataPackage
Loading required package: PatientHistory

Attaching package: ‘SttrDataPackage’

The following object is masked from ‘package:utils’:

    history

Loading required package: survival
Loading required package: base64enc
Loading required package: PLSR
Loading required package: BiocGenerics
Loading required package: parallel

Attaching package: ‘BiocGenerics’

The following objects are masked from ‘package:parallel’:

    clusterApply, clusterApplyLB, clusterCall, clusterEvalQ,
    clusterExport, clusterMap, parApply, parCapply, parLapply,
    parLapplyLB, parRapply, parSapply, parSapplyLB

The following object is masked from ‘package:stats’:

    xtabs

The following objects are masked from ‘package:base’:

    anyDuplicated, append, as.data.frame, as.vector, cbind, colnames,
    do.call, duplicated, eval, evalq, Filter, Find, get, intersect,
    is.unsorted, lapply, Map, mapply, match, mget, order, paste, pmax,
    pmax.int, pmin, pmin.int, Position, rank, rbind, Reduce, rep.int,
    rownames, sapply, setdiff, sort, table, tapply, union, unique,
    unlist, unsplit

Loading required package: RUnit
Loading required package: pls

Attaching package: ‘pls’

The following object is masked from ‘package:stats’:

    loadings

Loading required package: PCA

Attaching package: ‘PCA’

The following objects are masked from ‘package:PLSR’:

    dataSummary, getDataMatrixName, getDataPackage, printf,
    setDataMatrixName, show

The following object is masked from ‘package:SttrDataPackage’:

    show

The following object is masked from ‘package:methods’:

    show

Creating a new generic function for ‘close’ in package ‘OncoDev14’
[1] OncoDev14 addRMessageHandler: 'getUserInfo'
[1] OncoDev14 addRMessageHandler: 'getDataSetNames'
[1] OncoDev14 addRMessageHandler: 'getDataManifest'
[1] OncoDev14 addRMessageHandler: 'calculateHistogramCoordinates'
[1] OncoDev14 addRMessageHandler: 'initUserDataStore'
[1] OncoDev14 addRMessageHandler: 'getUserDataStoreSummary'
[1] OncoDev14 addRMessageHandler: 'userDataStoreAddData'
[1] OncoDev14 addRMessageHandler: 'userDataStoreDeleteDataItem'
[1] OncoDev14 addRMessageHandler: 'userDataStoreGetDataItem'
[1] OncoDev14 addRMessageHandler: 'ping'
[1] OncoDev14 addRMessageHandler: 'getServerVersion'
[1] OncoDev14 addRMessageHandler: 'getSampleDataFrame'
[1] OncoDev14 addRMessageHandler: 'getUserId'
[1] OncoDev14 addRMessageHandler: 'getDataSetNames'
[1] OncoDev14 addRMessageHandler: 'getDataManifest'
[1] OncoDev14 addRMessageHandler: 'specifyCurrentDataset'
[1] OncoDev14 addRMessageHandler: 'getPatientHistoryTable'
[1] OncoDev14 addRMessageHandler: 'getPatientHistoryDxAndSurvivalMinMax'
[1] OncoDev14 addRMessageHandler: 'getSampleDataFrame'
[1] OncoDev14 addRMessageHandler: 'getGeneSetNames'
[1] OncoDev14 addRMessageHandler: 'getGeneSetGenes'
[1] OncoDev14 addRMessageHandler: 'getMarkersNetwork'
[1] OncoDev14 addRMessageHandler: 'calculateSurvivalCurves'
[1] OncoDev14 addRMessageHandler: 'createPLSR'
[1] OncoDev14 addRMessageHandler: 'calculatePLSR'
[1] OncoDev14 addRMessageHandler: 'summarizePLSRPatientAttributes'
[1] OncoDev14 addRMessageHandler: 'echo'
[1] OncoDev14 addRMessageHandler: 'createPCA'
[1] OncoDev14 addRMessageHandler: 'calculatePCA'

Attaching package: ‘OncoDev14’

The following object is masked from ‘package:PCA’:

    show

The following object is masked from ‘package:PLSR’:

    show

The following object is masked from ‘package:SttrDataPackage’:

    show

The following object is masked from ‘package:methods’:

    show

The following object is masked from ‘package:base’:

    close

> scriptDir <- "blankTab"
> userID <- "autoTest@nowhere.org"
> current.datasets <- c("DEMOdz;TCGAgbm")
> port <- 7819
> onco <- OncoDev14(port=port, scriptDir=scriptDir, userID=userID, datasetNames=current.datasets)
[1] OncoDev14.loadDataPackages
Welcome to Bioconductor

    Vignettes contain introductory material; view with
    'browseVignettes()'. To cite Bioconductor, see
    'citation("Biobase")', and for packages 'citation("pkgname")'.

Creating a generic function for ‘nchar’ from package ‘base’ in package ‘S4Vectors’
Loading required package: DBI

[1] SttrDataPackage ctor, networks.found: 1
OncoDev14 loading:         datasets[['DEMOdz']] <- DEMOdz()    0.37 seconds
[1] SttrDataPackage ctor, networks.found: 1
OncoDev14 loading:       datasets[['TCGAgbm']] <- TCGAgbm()   16.46 seconds
> 
> if(Sys.info()[["nodename"]] != "lopez") 
+    browseURL(sprintf("http://localhost:%d", port))
> 
> run(onco)
[1] OncoDev14::run, starting service loop on port 7819
[1] wsDatasets.R, specifyCurrentDataset, avaialable: DEMOdz;TCGAgbm
[1] wsDatasets.getPatientHistory, DEMOdz, found 7 coi
[1] wsDatasets.getPatientHistoryTable, dim (20, 7)

R version 3.2.1 Patched (2015-07-02 r68627) -- "World-Famous Astronaut"
Copyright (C) 2015 The R Foundation for Statistical Computing
Platform: x86_64-apple-darwin13.4.0 (64-bit)

R is free software and comes with ABSOLUTELY NO WARRANTY.
You are welcome to redistribute it under certain conditions.
Type 'license()' or 'licence()' for distribution details.

  Natural language support but running in an English locale

R is a collaborative project with many contributors.
Type 'contributors()' for more information and
'citation()' on how to cite R or R packages in publications.

Type 'demo()' for some demos, 'help()' for on-line help, or
'help.start()' for an HTML browser interface to help.
Type 'q()' to quit R.

> library(OncoDev14)
Loading required package: jsonlite

Attaching package: ‘jsonlite’

The following object is masked from ‘package:utils’:

    View

Loading required package: httpuv
Loading required package: SttrDataPackage
Loading required package: PatientHistory

Attaching package: ‘SttrDataPackage’

The following object is masked from ‘package:utils’:

    history

Loading required package: survival
Loading required package: base64enc
Loading required package: PLSR
Loading required package: BiocGenerics
Loading required package: parallel

Attaching package: ‘BiocGenerics’

The following objects are masked from ‘package:parallel’:

    clusterApply, clusterApplyLB, clusterCall, clusterEvalQ,
    clusterExport, clusterMap, parApply, parCapply, parLapply,
    parLapplyLB, parRapply, parSapply, parSapplyLB

The following object is masked from ‘package:stats’:

    xtabs

The following objects are masked from ‘package:base’:

    anyDuplicated, append, as.data.frame, as.vector, cbind, colnames,
    do.call, duplicated, eval, evalq, Filter, Find, get, intersect,
    is.unsorted, lapply, Map, mapply, match, mget, order, paste, pmax,
    pmax.int, pmin, pmin.int, Position, rank, rbind, Reduce, rep.int,
    rownames, sapply, setdiff, sort, table, tapply, union, unique,
    unlist, unsplit

Loading required package: RUnit
Loading required package: pls

Attaching package: ‘pls’

The following object is masked from ‘package:stats’:

    loadings

Loading required package: PCA

Attaching package: ‘PCA’

The following objects are masked from ‘package:PLSR’:

    dataSummary, getDataMatrixName, getDataPackage, printf,
    setDataMatrixName, show

The following object is masked from ‘package:SttrDataPackage’:

    show

The following object is masked from ‘package:methods’:

    show

Creating a new generic function for ‘close’ in package ‘OncoDev14’
[1] OncoDev14 addRMessageHandler: 'getUserInfo'
[1] OncoDev14 addRMessageHandler: 'getDataSetNames'
[1] OncoDev14 addRMessageHandler: 'getDataManifest'
[1] OncoDev14 addRMessageHandler: 'calculateHistogramCoordinates'
[1] OncoDev14 addRMessageHandler: 'initUserDataStore'
[1] OncoDev14 addRMessageHandler: 'getUserDataStoreSummary'
[1] OncoDev14 addRMessageHandler: 'userDataStoreAddData'
[1] OncoDev14 addRMessageHandler: 'userDataStoreDeleteDataItem'
[1] OncoDev14 addRMessageHandler: 'userDataStoreGetDataItem'
[1] OncoDev14 addRMessageHandler: 'ping'
[1] OncoDev14 addRMessageHandler: 'getServerVersion'
[1] OncoDev14 addRMessageHandler: 'getSampleDataFrame'
[1] OncoDev14 addRMessageHandler: 'getUserId'
[1] OncoDev14 addRMessageHandler: 'getDataSetNames'
[1] OncoDev14 addRMessageHandler: 'getDataManifest'
[1] OncoDev14 addRMessageHandler: 'specifyCurrentDataset'
[1] OncoDev14 addRMessageHandler: 'getPatientHistoryTable'
[1] OncoDev14 addRMessageHandler: 'getPatientHistoryDxAndSurvivalMinMax'
[1] OncoDev14 addRMessageHandler: 'getSampleDataFrame'
[1] OncoDev14 addRMessageHandler: 'getGeneSetNames'
[1] OncoDev14 addRMessageHandler: 'getGeneSetGenes'
[1] OncoDev14 addRMessageHandler: 'getMarkersNetwork'
[1] OncoDev14 addRMessageHandler: 'calculateSurvivalCurves'
[1] OncoDev14 addRMessageHandler: 'createPLSR'
[1] OncoDev14 addRMessageHandler: 'calculatePLSR'
[1] OncoDev14 addRMessageHandler: 'summarizePLSRPatientAttributes'
[1] OncoDev14 addRMessageHandler: 'echo'
[1] OncoDev14 addRMessageHandler: 'createPCA'
[1] OncoDev14 addRMessageHandler: 'calculatePCA'

Attaching package: ‘OncoDev14’

The following object is masked from ‘package:PCA’:

    show

The following object is masked from ‘package:PLSR’:

    show

The following object is masked from ‘package:SttrDataPackage’:

    show

The following object is masked from ‘package:methods’:

    show

The following object is masked from ‘package:base’:

    close

> scriptDir <- "blankTab"
> userID <- "autoTest@nowhere.org"
> current.datasets <- c("DEMOdz;TCGAgbm")
> port <- 7819
> onco <- OncoDev14(port=port, scriptDir=scriptDir, userID=userID, datasetNames=current.datasets)
[1] OncoDev14.loadDataPackages
Welcome to Bioconductor

    Vignettes contain introductory material; view with
    'browseVignettes()'. To cite Bioconductor, see
    'citation("Biobase")', and for packages 'citation("pkgname")'.

Creating a generic function for ‘nchar’ from package ‘base’ in package ‘S4Vectors’
Loading required package: DBI

[1] SttrDataPackage ctor, networks.found: 1
OncoDev14 loading:         datasets[['DEMOdz']] <- DEMOdz()    0.35 seconds
[1] SttrDataPackage ctor, networks.found: 1
OncoDev14 loading:       datasets[['TCGAgbm']] <- TCGAgbm()   18.36 seconds
> 
> if(Sys.info()[["nodename"]] != "lopez") 
+    browseURL(sprintf("http://localhost:%d", port))
> 
> run(onco)
[1] OncoDev14::run, starting service loop on port 7819
[1] wsDatasets.R, specifyCurrentDataset, avaialable: DEMOdz;TCGAgbm
[1] wsDatasets.getPatientHistory, DEMOdz, found 7 coi
[1] wsDatasets.getPatientHistoryTable, dim (20, 7)

R version 3.2.1 Patched (2015-07-02 r68627) -- "World-Famous Astronaut"
Copyright (C) 2015 The R Foundation for Statistical Computing
Platform: x86_64-apple-darwin13.4.0 (64-bit)

R is free software and comes with ABSOLUTELY NO WARRANTY.
You are welcome to redistribute it under certain conditions.
Type 'license()' or 'licence()' for distribution details.

  Natural language support but running in an English locale

R is a collaborative project with many contributors.
Type 'contributors()' for more information and
'citation()' on how to cite R or R packages in publications.

Type 'demo()' for some demos, 'help()' for on-line help, or
'help.start()' for an HTML browser interface to help.
Type 'q()' to quit R.

> library(OncoDev14)
Loading required package: jsonlite

Attaching package: ‘jsonlite’

The following object is masked from ‘package:utils’:

    View

Loading required package: httpuv
Loading required package: SttrDataPackage
Loading required package: PatientHistory

Attaching package: ‘SttrDataPackage’

The following object is masked from ‘package:utils’:

    history

Loading required package: survival
Loading required package: base64enc
Loading required package: PLSR
Loading required package: BiocGenerics
Loading required package: parallel

Attaching package: ‘BiocGenerics’

The following objects are masked from ‘package:parallel’:

    clusterApply, clusterApplyLB, clusterCall, clusterEvalQ,
    clusterExport, clusterMap, parApply, parCapply, parLapply,
    parLapplyLB, parRapply, parSapply, parSapplyLB

The following object is masked from ‘package:stats’:

    xtabs

The following objects are masked from ‘package:base’:

    anyDuplicated, append, as.data.frame, as.vector, cbind, colnames,
    do.call, duplicated, eval, evalq, Filter, Find, get, intersect,
    is.unsorted, lapply, Map, mapply, match, mget, order, paste, pmax,
    pmax.int, pmin, pmin.int, Position, rank, rbind, Reduce, rep.int,
    rownames, sapply, setdiff, sort, table, tapply, union, unique,
    unlist, unsplit

Loading required package: RUnit
Loading required package: pls

Attaching package: ‘pls’

The following object is masked from ‘package:stats’:

    loadings

Loading required package: PCA

Attaching package: ‘PCA’

The following objects are masked from ‘package:PLSR’:

    dataSummary, getDataMatrixName, getDataPackage, printf,
    setDataMatrixName, show

The following object is masked from ‘package:SttrDataPackage’:

    show

The following object is masked from ‘package:methods’:

    show

Creating a new generic function for ‘close’ in package ‘OncoDev14’
[1] OncoDev14 addRMessageHandler: 'getUserInfo'
[1] OncoDev14 addRMessageHandler: 'getDataSetNames'
[1] OncoDev14 addRMessageHandler: 'getDataManifest'
[1] OncoDev14 addRMessageHandler: 'calculateHistogramCoordinates'
[1] OncoDev14 addRMessageHandler: 'initUserDataStore'
[1] OncoDev14 addRMessageHandler: 'getUserDataStoreSummary'
[1] OncoDev14 addRMessageHandler: 'userDataStoreAddData'
[1] OncoDev14 addRMessageHandler: 'userDataStoreDeleteDataItem'
[1] OncoDev14 addRMessageHandler: 'userDataStoreGetDataItem'
[1] OncoDev14 addRMessageHandler: 'ping'
[1] OncoDev14 addRMessageHandler: 'getServerVersion'
[1] OncoDev14 addRMessageHandler: 'getSampleDataFrame'
[1] OncoDev14 addRMessageHandler: 'getUserId'
[1] OncoDev14 addRMessageHandler: 'getDataSetNames'
[1] OncoDev14 addRMessageHandler: 'getDataManifest'
[1] OncoDev14 addRMessageHandler: 'specifyCurrentDataset'
[1] OncoDev14 addRMessageHandler: 'getPatientHistoryTable'
[1] OncoDev14 addRMessageHandler: 'getPatientHistoryDxAndSurvivalMinMax'
[1] OncoDev14 addRMessageHandler: 'getSampleDataFrame'
[1] OncoDev14 addRMessageHandler: 'getGeneSetNames'
[1] OncoDev14 addRMessageHandler: 'getGeneSetGenes'
[1] OncoDev14 addRMessageHandler: 'getMarkersNetwork'
[1] OncoDev14 addRMessageHandler: 'calculateSurvivalCurves'
[1] OncoDev14 addRMessageHandler: 'createPLSR'
[1] OncoDev14 addRMessageHandler: 'calculatePLSR'
[1] OncoDev14 addRMessageHandler: 'summarizePLSRPatientAttributes'
[1] OncoDev14 addRMessageHandler: 'echo'
[1] OncoDev14 addRMessageHandler: 'createPCA'
[1] OncoDev14 addRMessageHandler: 'calculatePCA'

Attaching package: ‘OncoDev14’

The following object is masked from ‘package:PCA’:

    show

The following object is masked from ‘package:PLSR’:

    show

The following object is masked from ‘package:SttrDataPackage’:

    show

The following object is masked from ‘package:methods’:

    show

The following object is masked from ‘package:base’:

    close

> scriptDir <- "blankTab"
> userID <- "autoTest@nowhere.org"
> current.datasets <- c("DEMOdz;TCGAgbm")
> port <- 7819
> onco <- OncoDev14(port=port, scriptDir=scriptDir, userID=userID, datasetNames=current.datasets)
[1] OncoDev14.loadDataPackages
Welcome to Bioconductor

    Vignettes contain introductory material; view with
    'browseVignettes()'. To cite Bioconductor, see
    'citation("Biobase")', and for packages 'citation("pkgname")'.

Creating a generic function for ‘nchar’ from package ‘base’ in package ‘S4Vectors’
Loading required package: DBI

[1] SttrDataPackage ctor, networks.found: 1
OncoDev14 loading:         datasets[['DEMOdz']] <- DEMOdz()    0.54 seconds
[1] SttrDataPackage ctor, networks.found: 1
OncoDev14 loading:       datasets[['TCGAgbm']] <- TCGAgbm()   18.63 seconds
> 
> if(Sys.info()[["nodename"]] != "lopez") 
+    browseURL(sprintf("http://localhost:%d", port))
> 
> run(onco)
[1] OncoDev14::run, starting service loop on port 7819
[1] wsDatasets.R, specifyCurrentDataset, avaialable: DEMOdz;TCGAgbm
[1] wsDatasets.getPatientHistory, DEMOdz, found 7 coi
[1] wsDatasets.getPatientHistoryTable, dim (20, 7)

R version 3.2.1 Patched (2015-07-02 r68627) -- "World-Famous Astronaut"
Copyright (C) 2015 The R Foundation for Statistical Computing
Platform: x86_64-apple-darwin13.4.0 (64-bit)

R is free software and comes with ABSOLUTELY NO WARRANTY.
You are welcome to redistribute it under certain conditions.
Type 'license()' or 'licence()' for distribution details.

  Natural language support but running in an English locale

R is a collaborative project with many contributors.
Type 'contributors()' for more information and
'citation()' on how to cite R or R packages in publications.

Type 'demo()' for some demos, 'help()' for on-line help, or
'help.start()' for an HTML browser interface to help.
Type 'q()' to quit R.

> library(OncoDev14)
Loading required package: jsonlite

Attaching package: ‘jsonlite’

The following object is masked from ‘package:utils’:

    View

Loading required package: httpuv
Loading required package: SttrDataPackage
Loading required package: PatientHistory

Attaching package: ‘SttrDataPackage’

The following object is masked from ‘package:utils’:

    history

Loading required package: survival
Loading required package: base64enc
Loading required package: PLSR
Loading required package: BiocGenerics
Loading required package: parallel

Attaching package: ‘BiocGenerics’

The following objects are masked from ‘package:parallel’:

    clusterApply, clusterApplyLB, clusterCall, clusterEvalQ,
    clusterExport, clusterMap, parApply, parCapply, parLapply,
    parLapplyLB, parRapply, parSapply, parSapplyLB

The following object is masked from ‘package:stats’:

    xtabs

The following objects are masked from ‘package:base’:

    anyDuplicated, append, as.data.frame, as.vector, cbind, colnames,
    do.call, duplicated, eval, evalq, Filter, Find, get, intersect,
    is.unsorted, lapply, Map, mapply, match, mget, order, paste, pmax,
    pmax.int, pmin, pmin.int, Position, rank, rbind, Reduce, rep.int,
    rownames, sapply, setdiff, sort, table, tapply, union, unique,
    unlist, unsplit

Loading required package: RUnit
Loading required package: pls

Attaching package: ‘pls’

The following object is masked from ‘package:stats’:

    loadings

Loading required package: PCA

Attaching package: ‘PCA’

The following objects are masked from ‘package:PLSR’:

    dataSummary, getDataMatrixName, getDataPackage, printf,
    setDataMatrixName, show

The following object is masked from ‘package:SttrDataPackage’:

    show

The following object is masked from ‘package:methods’:

    show

Creating a new generic function for ‘close’ in package ‘OncoDev14’
[1] OncoDev14 addRMessageHandler: 'getUserInfo'
[1] OncoDev14 addRMessageHandler: 'getDataSetNames'
[1] OncoDev14 addRMessageHandler: 'getDataManifest'
[1] OncoDev14 addRMessageHandler: 'calculateHistogramCoordinates'
[1] OncoDev14 addRMessageHandler: 'initUserDataStore'
[1] OncoDev14 addRMessageHandler: 'getUserDataStoreSummary'
[1] OncoDev14 addRMessageHandler: 'userDataStoreAddData'
[1] OncoDev14 addRMessageHandler: 'userDataStoreDeleteDataItem'
[1] OncoDev14 addRMessageHandler: 'userDataStoreGetDataItem'
[1] OncoDev14 addRMessageHandler: 'ping'
[1] OncoDev14 addRMessageHandler: 'getServerVersion'
[1] OncoDev14 addRMessageHandler: 'getSampleDataFrame'
[1] OncoDev14 addRMessageHandler: 'getUserId'
[1] OncoDev14 addRMessageHandler: 'getDataSetNames'
[1] OncoDev14 addRMessageHandler: 'getDataManifest'
[1] OncoDev14 addRMessageHandler: 'specifyCurrentDataset'
[1] OncoDev14 addRMessageHandler: 'getPatientHistoryTable'
[1] OncoDev14 addRMessageHandler: 'getPatientHistoryDxAndSurvivalMinMax'
[1] OncoDev14 addRMessageHandler: 'getSampleDataFrame'
[1] OncoDev14 addRMessageHandler: 'getGeneSetNames'
[1] OncoDev14 addRMessageHandler: 'getGeneSetGenes'
[1] OncoDev14 addRMessageHandler: 'getMarkersNetwork'
[1] OncoDev14 addRMessageHandler: 'calculateSurvivalCurves'
[1] OncoDev14 addRMessageHandler: 'createPLSR'
[1] OncoDev14 addRMessageHandler: 'calculatePLSR'
[1] OncoDev14 addRMessageHandler: 'summarizePLSRPatientAttributes'
[1] OncoDev14 addRMessageHandler: 'echo'
[1] OncoDev14 addRMessageHandler: 'createPCA'
[1] OncoDev14 addRMessageHandler: 'calculatePCA'

Attaching package: ‘OncoDev14’

The following object is masked from ‘package:PCA’:

    show

The following object is masked from ‘package:PLSR’:

    show

The following object is masked from ‘package:SttrDataPackage’:

    show

The following object is masked from ‘package:methods’:

    show

The following object is masked from ‘package:base’:

    close

> scriptDir <- "blankTab"
> userID <- "autoTest@nowhere.org"
> current.datasets <- c("DEMOdz;TCGAgbm")
> port <- 7819
> onco <- OncoDev14(port=port, scriptDir=scriptDir, userID=userID, datasetNames=current.datasets)
[1] OncoDev14.loadDataPackages
Welcome to Bioconductor

    Vignettes contain introductory material; view with
    'browseVignettes()'. To cite Bioconductor, see
    'citation("Biobase")', and for packages 'citation("pkgname")'.

Creating a generic function for ‘nchar’ from package ‘base’ in package ‘S4Vectors’
Loading required package: DBI

[1] SttrDataPackage ctor, networks.found: 1
OncoDev14 loading:         datasets[['DEMOdz']] <- DEMOdz()    0.42 seconds
[1] SttrDataPackage ctor, networks.found: 1
OncoDev14 loading:       datasets[['TCGAgbm']] <- TCGAgbm()   14.95 seconds
> 
> if(Sys.info()[["nodename"]] != "lopez") 
+    browseURL(sprintf("http://localhost:%d", port))
> 
> run(onco)
[1] OncoDev14::run, starting service loop on port 7819
[1] wsDatasets.R, specifyCurrentDataset, avaialable: DEMOdz;TCGAgbm
[1] wsDatasets.getPatientHistory, DEMOdz, found 7 coi
[1] wsDatasets.getPatientHistoryTable, dim (20, 7)
[1] wsDatasets.R, specifyCurrentDataset, avaialable: DEMOdz;TCGAgbm
[1] wsDatasets.getPatientHistory, DEMOdz, found 7 coi
[1] wsDatasets.getPatientHistoryTable, dim (20, 7)
[1] wsDatasets.R, specifyCurrentDataset, avaialable: DEMOdz;TCGAgbm
[1] wsDatasets.getPatientHistory, DEMOdz, found 7 coi
[1] wsDatasets.getPatientHistoryTable, dim (20, 7)
[1] wsDatasets.R, specifyCurrentDataset, avaialable: DEMOdz;TCGAgbm
[1] wsDatasets.getPatientHistory, DEMOdz, found 7 coi
[1] wsDatasets.getPatientHistoryTable, dim (20, 7)
[1] wsDatasets.R, specifyCurrentDataset, avaialable: DEMOdz;TCGAgbm
[1] wsDatasets.getPatientHistory, DEMOdz, found 7 coi
[1] wsDatasets.getPatientHistoryTable, dim (20, 7)
[1] wsDatasets.R, specifyCurrentDataset, avaialable: DEMOdz;TCGAgbm
[1] wsDatasets.getPatientHistory, DEMOdz, found 7 coi
[1] wsDatasets.getPatientHistoryTable, dim (20, 7)
[1] wsDatasets.R, specifyCurrentDataset, avaialable: DEMOdz;TCGAgbm
[1] wsDatasets.getPatientHistory, DEMOdz, found 7 coi
[1] wsDatasets.getPatientHistoryTable, dim (20, 7)
