
R version 3.1.2 (2014-10-31) -- "Pumpkin Helmet"
Copyright (C) 2014 The R Foundation for Statistical Computing
Platform: x86_64-apple-darwin10.8.0 (64-bit)

R is free software and comes with ABSOLUTELY NO WARRANTY.
You are welcome to redistribute it under certain conditions.
Type 'license()' or 'licence()' for distribution details.

  Natural language support but running in an English locale

R is a collaborative project with many contributors.
Type 'contributors()' for more information and
'citation()' on how to cite R or R packages in publications.

Type 'demo()' for some demos, 'help()' for on-line help, or
'help.start()' for an HTML browser interface to help.
Type 'q()' to quit R.

> library(OncoDev14)
Loading required package: jsonlite

Attaching package: ‘jsonlite’

The following object is masked from ‘package:utils’:

    View

Loading required package: httpuv
Loading required package: SttrDataPackage
Loading required package: PatientHistory

Attaching package: ‘SttrDataPackage’

The following object is masked from ‘package:utils’:

    history

Loading required package: survival
Loading required package: base64enc
Loading required package: PLSR
Loading required package: BiocGenerics
Loading required package: parallel

Attaching package: ‘BiocGenerics’

The following objects are masked from ‘package:parallel’:

    clusterApply, clusterApplyLB, clusterCall, clusterEvalQ,
    clusterExport, clusterMap, parApply, parCapply, parLapply,
    parLapplyLB, parRapply, parSapply, parSapplyLB

The following object is masked from ‘package:stats’:

    xtabs

The following objects are masked from ‘package:base’:

    anyDuplicated, append, as.data.frame, as.vector, cbind, colnames,
    do.call, duplicated, eval, evalq, Filter, Find, get, intersect,
    is.unsorted, lapply, Map, mapply, match, mget, order, paste, pmax,
    pmax.int, pmin, pmin.int, Position, rank, rbind, Reduce, rep.int,
    rownames, sapply, setdiff, sort, table, tapply, union, unique,
    unlist, unsplit

Loading required package: RUnit
Loading required package: pls

Attaching package: ‘pls’

The following object is masked from ‘package:stats’:

    loadings


Attaching package: ‘OncoDev14’

The following object is masked from ‘package:PLSR’:

    show

The following object is masked from ‘package:SttrDataPackage’:

    show

The following object is masked from ‘package:methods’:

    show

The following object is masked from ‘package:base’:

    close

Warning message:
package ‘jsonlite’ was built under R version 3.1.3 
> scriptDir <- "plsr"
> userID <- "autoTest@nowhere.org"
> current.datasets <- c("DEMOdz")
> port <- 7568
> onco <- OncoDev14(port=port, scriptDir=scriptDir, userID=userID, datasetNames=current.datasets)
[1] OncoDev14.loadDataPackages
Loading required package: AnnotationDbi
Loading required package: stats4
Loading required package: Biobase
Welcome to Bioconductor

    Vignettes contain introductory material; view with
    'browseVignettes()'. To cite Bioconductor, see
    'citation("Biobase")', and for packages 'citation("pkgname")'.

Loading required package: GenomeInfoDb
Loading required package: S4Vectors
Loading required package: IRanges

Attaching package: ‘AnnotationDbi’

The following object is masked from ‘package:GenomeInfoDb’:

    species

Loading required package: DBI

[1] SttrDataPackage ctor, networks.found: 1
OncoDev14 loading:         datasets[['DEMOdz']] <- DEMOdz()    0.33 seconds
Warning messages:
1: package ‘AnnotationDbi’ was built under R version 3.1.3 
2: package ‘GenomeInfoDb’ was built under R version 3.1.3 
> 
> if(Sys.info()[["nodename"]] != "lopez") 
+    browseURL(sprintf("http://localhost:%d", port))
> 
> run(onco)
[1] OncoDev14::run, starting service loop on port 7568
[1] wsDatasets.R, sepcifyCurrentDataset, avaialable: DEMOdz
[1] === createPLSR
[1]     callback: plsrObjectCreated
$dataPackage
[1] "DEMOdz"

$matrixName
[1] "mtx.mrna.ueArray"

[1] SttrDataPackage ctor, networks.found: 1
[1] createPLSR about to send msg: plsrObjectCreated
[1] === summarizePLSRPatientAttributes
$cmd
[1] "summarizePLSRPatientAttributes"

$callback
[1] "handleAgeAtDxAndSurvivalRanges"

$status
[1] "request"

$payload
[1] "AgeDx"    "Survival"

[1] "------------ myplsr"
PLSR object with DataPackage 'DEMOdz' and dataset 'mtx.mrna.ueArray'
[1] "------------ summary returned"
$AgeDx
[1]  9369.0 15163.5 19153.0 25736.0 31566.0

$Survival
[1]    3.0   82.0  772.0 2620.5 3524.0

[1] wsDatasets.R, sepcifyCurrentDataset, avaialable: DEMOdz
[1] === createPLSR
[1]     callback: plsrObjectCreated
$dataPackage
[1] "DEMOdz"

$matrixName
[1] "mtx.mrna.ueArray"

[1] SttrDataPackage ctor, networks.found: 1
[1] createPLSR about to send msg: plsrObjectCreated
[1] === summarizePLSRPatientAttributes
$cmd
[1] "summarizePLSRPatientAttributes"

$callback
[1] "handleAgeAtDxAndSurvivalRanges"

$status
[1] "request"

$payload
[1] "AgeDx"    "Survival"

[1] "------------ myplsr"
PLSR object with DataPackage 'DEMOdz' and dataset 'mtx.mrna.ueArray'
[1] "------------ summary returned"
$AgeDx
[1]  9369.0 15163.5 19153.0 25736.0 31566.0

$Survival
[1]    3.0   82.0  772.0 2620.5 3524.0

[1] wsDatasets.R, sepcifyCurrentDataset, avaialable: DEMOdz
[1] === createPLSR
[1]     callback: plsrObjectCreated
$dataPackage
[1] "DEMOdz"

$matrixName
[1] "mtx.mrna.ueArray"

[1] SttrDataPackage ctor, networks.found: 1
[1] createPLSR about to send msg: plsrObjectCreated
[1] === summarizePLSRPatientAttributes
$cmd
[1] "summarizePLSRPatientAttributes"

$callback
[1] "handleAgeAtDxAndSurvivalRanges"

$status
[1] "request"

$payload
[1] "AgeDx"    "Survival"

[1] "------------ myplsr"
PLSR object with DataPackage 'DEMOdz' and dataset 'mtx.mrna.ueArray'
[1] "------------ summary returned"
$AgeDx
[1]  9369.0 15163.5 19153.0 25736.0 31566.0

$Survival
[1]    3.0   82.0  772.0 2620.5 3524.0

[1] === calculatePLSR
$cmd
[1] "calculatePLSR"

$callback
[1] "handlePlsrResults"

$status
[1] "request"

$payload
$payload$genes
[1] "random.40"

$payload$factorCount
[1] 2

$payload$factors
      name   low  high
1    AgeDx 16767 24168
2 Survival  1176  2351


[1] genes for calculatePLSR (1)
[1] "random.40"
[1] genes for calculatePLSR after possible lookup(40)
 [1] "PRRX1"   "UPF1"    "PIPOX"   "PIM1"    "UCP2"    "USH2A"   "TTN"    
 [8] "ELF4"    "U2AF1"   "ELOVL2"  "PIK3C2B" "PTPRA"   "USP6"    "EDIL3"  
[15] "PTPN14"  "EHD2"    "EGFR"    "PIK3CG"  "ELK4"    "TTC3"    "EIF4A2" 
[22] "PIK3R2"  "EMP3"    "PIK3CA"  "TTC28"   "EED"     "UGT8"    "PLAUR"  
[29] "PTEN"    "EEF2"    "PTPN6"   "PTK2"    "TTPA"    "PIK3CD"  "PTPN22" 
[36] "PRR4"    "EML4"    "PTBP1"   "UBR5"    "TYK2"   
$`1`
$`1`$name
[1] "AgeDx"

$`1`$low
[1] "16767"

$`1`$high
[1] "24168"


$`2`
$`2`$name
[1] "Survival"

$`2`$low
[1] " 1176"

$`2`$high
[1] " 2351"


[1] === calculatePLSR
$cmd
[1] "calculatePLSR"

$callback
[1] "handlePlsrResults"

$status
[1] "request"

$payload
$payload$genes
[1] "random.40"

$payload$factorCount
[1] 2

$payload$factors
      name   low  high
1    AgeDx 16767 24168
2 Survival  1176  2351


[1] genes for calculatePLSR (1)
[1] "random.40"
[1] genes for calculatePLSR after possible lookup(40)
 [1] "PRRX1"   "UPF1"    "PIPOX"   "PIM1"    "UCP2"    "USH2A"   "TTN"    
 [8] "ELF4"    "U2AF1"   "ELOVL2"  "PIK3C2B" "PTPRA"   "USP6"    "EDIL3"  
[15] "PTPN14"  "EHD2"    "EGFR"    "PIK3CG"  "ELK4"    "TTC3"    "EIF4A2" 
[22] "PIK3R2"  "EMP3"    "PIK3CA"  "TTC28"   "EED"     "UGT8"    "PLAUR"  
[29] "PTEN"    "EEF2"    "PTPN6"   "PTK2"    "TTPA"    "PIK3CD"  "PTPN22" 
[36] "PRR4"    "EML4"    "PTBP1"   "UBR5"    "TYK2"   
$`1`
$`1`$name
[1] "AgeDx"

$`1`$low
[1] "16767"

$`1`$high
[1] "24168"


$`2`
$`2`$name
[1] "Survival"

$`2`$low
[1] " 1176"

$`2`$high
[1] " 2351"


[1] === calculatePLSR
$cmd
[1] "calculatePLSR"

$callback
[1] "handlePlsrResults"

$status
[1] "request"

$payload
$payload$genes
[1] "random.40"

$payload$factorCount
[1] 2

$payload$factors
      name   low  high
1    AgeDx 16767 24168
2 Survival  1176  2351


[1] genes for calculatePLSR (1)
[1] "random.40"
[1] genes for calculatePLSR after possible lookup(40)
 [1] "PRRX1"   "UPF1"    "PIPOX"   "PIM1"    "UCP2"    "USH2A"   "TTN"    
 [8] "ELF4"    "U2AF1"   "ELOVL2"  "PIK3C2B" "PTPRA"   "USP6"    "EDIL3"  
[15] "PTPN14"  "EHD2"    "EGFR"    "PIK3CG"  "ELK4"    "TTC3"    "EIF4A2" 
[22] "PIK3R2"  "EMP3"    "PIK3CA"  "TTC28"   "EED"     "UGT8"    "PLAUR"  
[29] "PTEN"    "EEF2"    "PTPN6"   "PTK2"    "TTPA"    "PIK3CD"  "PTPN22" 
[36] "PRR4"    "EML4"    "PTBP1"   "UBR5"    "TYK2"   
$`1`
$`1`$name
[1] "AgeDx"

$`1`$low
[1] "16767"

$`1`$high
[1] "24168"


$`2`
$`2`$name
[1] "Survival"

$`2`$low
[1] " 1176"

$`2`$high
[1] " 2351"



R version 3.1.2 (2014-10-31) -- "Pumpkin Helmet"
Copyright (C) 2014 The R Foundation for Statistical Computing
Platform: x86_64-apple-darwin10.8.0 (64-bit)

R is free software and comes with ABSOLUTELY NO WARRANTY.
You are welcome to redistribute it under certain conditions.
Type 'license()' or 'licence()' for distribution details.

  Natural language support but running in an English locale

R is a collaborative project with many contributors.
Type 'contributors()' for more information and
'citation()' on how to cite R or R packages in publications.

Type 'demo()' for some demos, 'help()' for on-line help, or
'help.start()' for an HTML browser interface to help.
Type 'q()' to quit R.

> library(OncoDev14)
Loading required package: jsonlite

Attaching package: ‘jsonlite’

The following object is masked from ‘package:utils’:

    View

Loading required package: httpuv
Loading required package: SttrDataPackage
Loading required package: PatientHistory

Attaching package: ‘SttrDataPackage’

The following object is masked from ‘package:utils’:

    history

Loading required package: survival
Loading required package: base64enc
Loading required package: PLSR
Loading required package: BiocGenerics
Loading required package: parallel

Attaching package: ‘BiocGenerics’

The following objects are masked from ‘package:parallel’:

    clusterApply, clusterApplyLB, clusterCall, clusterEvalQ,
    clusterExport, clusterMap, parApply, parCapply, parLapply,
    parLapplyLB, parRapply, parSapply, parSapplyLB

The following object is masked from ‘package:stats’:

    xtabs

The following objects are masked from ‘package:base’:

    anyDuplicated, append, as.data.frame, as.vector, cbind, colnames,
    do.call, duplicated, eval, evalq, Filter, Find, get, intersect,
    is.unsorted, lapply, Map, mapply, match, mget, order, paste, pmax,
    pmax.int, pmin, pmin.int, Position, rank, rbind, Reduce, rep.int,
    rownames, sapply, setdiff, sort, table, tapply, union, unique,
    unlist, unsplit

Loading required package: RUnit
Loading required package: pls

Attaching package: ‘pls’

The following object is masked from ‘package:stats’:

    loadings


Attaching package: ‘OncoDev14’

The following object is masked from ‘package:PLSR’:

    show

The following object is masked from ‘package:SttrDataPackage’:

    show

The following object is masked from ‘package:methods’:

    show

The following object is masked from ‘package:base’:

    close

Warning message:
package ‘jsonlite’ was built under R version 3.1.3 
> scriptDir <- "plsr"
> userID <- "autoTest@nowhere.org"
> current.datasets <- c("DEMOdz")
> port <- 7568
> onco <- OncoDev14(port=port, scriptDir=scriptDir, userID=userID, datasetNames=current.datasets)
[1] OncoDev14.loadDataPackages
Loading required package: AnnotationDbi
Loading required package: stats4
Loading required package: Biobase
Welcome to Bioconductor

    Vignettes contain introductory material; view with
    'browseVignettes()'. To cite Bioconductor, see
    'citation("Biobase")', and for packages 'citation("pkgname")'.

Loading required package: GenomeInfoDb
Loading required package: S4Vectors
Loading required package: IRanges

Attaching package: ‘AnnotationDbi’

The following object is masked from ‘package:GenomeInfoDb’:

    species

Loading required package: DBI

[1] SttrDataPackage ctor, networks.found: 1
OncoDev14 loading:         datasets[['DEMOdz']] <- DEMOdz()    0.34 seconds
Warning messages:
1: package ‘AnnotationDbi’ was built under R version 3.1.3 
2: package ‘GenomeInfoDb’ was built under R version 3.1.3 
> 
> if(Sys.info()[["nodename"]] != "lopez") 
+    browseURL(sprintf("http://localhost:%d", port))
> 
> run(onco)
[1] OncoDev14::run, starting service loop on port 7568
[1] wsDatasets.R, sepcifyCurrentDataset, avaialable: DEMOdz
[1] === createPLSR
[1]     callback: plsrObjectCreated
$dataPackage
[1] "DEMOdz"

$matrixName
[1] "mtx.mrna.ueArray"

[1] SttrDataPackage ctor, networks.found: 1
[1] createPLSR about to send msg: plsrObjectCreated
[1] === summarizePLSRPatientAttributes
$cmd
[1] "summarizePLSRPatientAttributes"

$callback
[1] "handleAgeAtDxAndSurvivalRanges"

$status
[1] "request"

$payload
[1] "AgeDx"    "Survival"

[1] "------------ myplsr"
PLSR object with DataPackage 'DEMOdz' and dataset 'mtx.mrna.ueArray'
[1] "------------ summary returned"
$AgeDx
[1]  9369.0 15163.5 19153.0 25736.0 31566.0

$Survival
[1]    3.0   82.0  772.0 2620.5 3524.0

[1] wsDatasets.R, sepcifyCurrentDataset, avaialable: DEMOdz
[1] === createPLSR
[1]     callback: plsrObjectCreated
$dataPackage
[1] "DEMOdz"

$matrixName
[1] "mtx.mrna.ueArray"

[1] SttrDataPackage ctor, networks.found: 1
[1] createPLSR about to send msg: plsrObjectCreated
[1] === summarizePLSRPatientAttributes
$cmd
[1] "summarizePLSRPatientAttributes"

$callback
[1] "handleAgeAtDxAndSurvivalRanges"

$status
[1] "request"

$payload
[1] "AgeDx"    "Survival"

[1] "------------ myplsr"
PLSR object with DataPackage 'DEMOdz' and dataset 'mtx.mrna.ueArray'
[1] "------------ summary returned"
$AgeDx
[1]  9369.0 15163.5 19153.0 25736.0 31566.0

$Survival
[1]    3.0   82.0  772.0 2620.5 3524.0

[1] wsDatasets.R, sepcifyCurrentDataset, avaialable: DEMOdz
[1] === createPLSR
[1]     callback: plsrObjectCreated
$dataPackage
[1] "DEMOdz"

$matrixName
[1] "mtx.mrna.ueArray"

[1] SttrDataPackage ctor, networks.found: 1
[1] createPLSR about to send msg: plsrObjectCreated
[1] === summarizePLSRPatientAttributes
$cmd
[1] "summarizePLSRPatientAttributes"

$callback
[1] "handleAgeAtDxAndSurvivalRanges"

$status
[1] "request"

$payload
[1] "AgeDx"    "Survival"

[1] "------------ myplsr"
PLSR object with DataPackage 'DEMOdz' and dataset 'mtx.mrna.ueArray'
[1] "------------ summary returned"
$AgeDx
[1]  9369.0 15163.5 19153.0 25736.0 31566.0

$Survival
[1]    3.0   82.0  772.0 2620.5 3524.0

[1] === calculatePLSR
$cmd
[1] "calculatePLSR"

$callback
[1] "handlePlsrResults"

$status
[1] "request"

$payload
$payload$genes
[1] "random.40"

$payload$factorCount
[1] 2

$payload$factors
      name   low  high
1    AgeDx 16767 24168
2 Survival  1176  2351


[1] genes for calculatePLSR (1)
[1] "random.40"
[1] genes for calculatePLSR after possible lookup(40)
 [1] "PRRX1"   "UPF1"    "PIPOX"   "PIM1"    "UCP2"    "USH2A"   "TTN"    
 [8] "ELF4"    "U2AF1"   "ELOVL2"  "PIK3C2B" "PTPRA"   "USP6"    "EDIL3"  
[15] "PTPN14"  "EHD2"    "EGFR"    "PIK3CG"  "ELK4"    "TTC3"    "EIF4A2" 
[22] "PIK3R2"  "EMP3"    "PIK3CA"  "TTC28"   "EED"     "UGT8"    "PLAUR"  
[29] "PTEN"    "EEF2"    "PTPN6"   "PTK2"    "TTPA"    "PIK3CD"  "PTPN22" 
[36] "PRR4"    "EML4"    "PTBP1"   "UBR5"    "TYK2"   
$`1`
$`1`$name
[1] "AgeDx"

$`1`$low
[1] "16767"

$`1`$high
[1] "24168"


$`2`
$`2`$name
[1] "Survival"

$`2`$low
[1] " 1176"

$`2`$high
[1] " 2351"


[1] === calculatePLSR
$cmd
[1] "calculatePLSR"

$callback
[1] "handlePlsrResults"

$status
[1] "request"

$payload
$payload$genes
[1] "random.40"

$payload$factorCount
[1] 2

$payload$factors
      name   low  high
1    AgeDx 16767 24168
2 Survival  1176  2351


[1] genes for calculatePLSR (1)
[1] "random.40"
[1] genes for calculatePLSR after possible lookup(40)
 [1] "PRRX1"   "UPF1"    "PIPOX"   "PIM1"    "UCP2"    "USH2A"   "TTN"    
 [8] "ELF4"    "U2AF1"   "ELOVL2"  "PIK3C2B" "PTPRA"   "USP6"    "EDIL3"  
[15] "PTPN14"  "EHD2"    "EGFR"    "PIK3CG"  "ELK4"    "TTC3"    "EIF4A2" 
[22] "PIK3R2"  "EMP3"    "PIK3CA"  "TTC28"   "EED"     "UGT8"    "PLAUR"  
[29] "PTEN"    "EEF2"    "PTPN6"   "PTK2"    "TTPA"    "PIK3CD"  "PTPN22" 
[36] "PRR4"    "EML4"    "PTBP1"   "UBR5"    "TYK2"   
$`1`
$`1`$name
[1] "AgeDx"

$`1`$low
[1] "16767"

$`1`$high
[1] "24168"


$`2`
$`2`$name
[1] "Survival"

$`2`$low
[1] " 1176"

$`2`$high
[1] " 2351"


[1] === calculatePLSR
$cmd
[1] "calculatePLSR"

$callback
[1] "handlePlsrResults"

$status
[1] "request"

$payload
$payload$genes
[1] "random.40"

$payload$factorCount
[1] 2

$payload$factors
      name   low  high
1    AgeDx 16767 24168
2 Survival  1176  2351


[1] genes for calculatePLSR (1)
[1] "random.40"
[1] genes for calculatePLSR after possible lookup(40)
 [1] "PRRX1"   "UPF1"    "PIPOX"   "PIM1"    "UCP2"    "USH2A"   "TTN"    
 [8] "ELF4"    "U2AF1"   "ELOVL2"  "PIK3C2B" "PTPRA"   "USP6"    "EDIL3"  
[15] "PTPN14"  "EHD2"    "EGFR"    "PIK3CG"  "ELK4"    "TTC3"    "EIF4A2" 
[22] "PIK3R2"  "EMP3"    "PIK3CA"  "TTC28"   "EED"     "UGT8"    "PLAUR"  
[29] "PTEN"    "EEF2"    "PTPN6"   "PTK2"    "TTPA"    "PIK3CD"  "PTPN22" 
[36] "PRR4"    "EML4"    "PTBP1"   "UBR5"    "TYK2"   
$`1`
$`1`$name
[1] "AgeDx"

$`1`$low
[1] "16767"

$`1`$high
[1] "24168"


$`2`
$`2`$name
[1] "Survival"

$`2`$low
[1] " 1176"

$`2`$high
[1] " 2351"


[1] === calculatePLSR
$cmd
[1] "calculatePLSR"

$callback
[1] "handlePlsrResults"

$status
[1] "request"

$payload
$payload$genes
[1] "random.40"

$payload$factorCount
[1] 2

$payload$factors
      name   low  high
1    AgeDx 16767 24168
2 Survival  1176  2351


[1] genes for calculatePLSR (1)
[1] "random.40"
[1] genes for calculatePLSR after possible lookup(40)
 [1] "PRRX1"   "UPF1"    "PIPOX"   "PIM1"    "UCP2"    "USH2A"   "TTN"    
 [8] "ELF4"    "U2AF1"   "ELOVL2"  "PIK3C2B" "PTPRA"   "USP6"    "EDIL3"  
[15] "PTPN14"  "EHD2"    "EGFR"    "PIK3CG"  "ELK4"    "TTC3"    "EIF4A2" 
[22] "PIK3R2"  "EMP3"    "PIK3CA"  "TTC28"   "EED"     "UGT8"    "PLAUR"  
[29] "PTEN"    "EEF2"    "PTPN6"   "PTK2"    "TTPA"    "PIK3CD"  "PTPN22" 
[36] "PRR4"    "EML4"    "PTBP1"   "UBR5"    "TYK2"   
$`1`
$`1`$name
[1] "AgeDx"

$`1`$low
[1] "16767"

$`1`$high
[1] "24168"


$`2`
$`2`$name
[1] "Survival"

$`2`$low
[1] " 1176"

$`2`$high
[1] " 2351"


